# JRE version: OpenJDK Runtime Environment Temurin-21.0.1+12 (21.0.1+12) (build 21.0.1+12-LTS)
# Java VM: OpenJDK 64-Bit Server VM Temurin-21.0.1+12 (21.0.1+12-LTS, mixed mode, sharing, tiered, compressed oops, compressed class ptrs, g1 gc, windows-amd64)
GC Precious Log:
 CardTable entry size: 512
 Card Set container configuration: InlinePtr #cards 5 size 8 Array Of Cards #cards 12 size 40 Howl #buckets 4 coarsen threshold 1843 Howl Bitmap #cards 512 size 80 coarsen threshold 460 Card regions per heap region 1 cards per card region 2048
 CPUs: 4 total, 4 available
 Memory: 3993M
 Large Page Support: Disabled
 NUMA Support: Disabled
 Compressed Oops: Enabled (32-bit)
 Heap Region Size: 1M
 Heap Min Capacity: 8M
 Heap Initial Capacity: 64M
 Heap Max Capacity: 1000M
 Pre-touch: Disabled
 Parallel Workers: 4
 Concurrent Workers: 1
 Concurrent Refinement Workers: 4
 Periodic GC: Disabled
Heap:
 garbage-first heap   total 167936K, used 69603K [0x00000000c1800000, 0x0000000100000000)
  region size 1024K, 14 young (14336K), 2 survivors (2048K)
 Metaspace       used 34121K, committed 34624K, reserved 1114112K
  class space    used 3874K, committed 4096K, reserved 1048576K
GC Heap History (20 events):
Event: 12.354 GC heap before
{Heap before GC invocations=6 (full 0):
 garbage-first heap   total 65536K, used 54272K [0x00000000c1800000, 0x0000000100000000)
  region size 1024K, 38 young (38912K), 2 survivors (2048K)
 Metaspace       used 21243K, committed 21504K, reserved 1114112K
  class space    used 2391K, committed 2496K, reserved 1048576K
}
Event: 12.371 GC heap after
{Heap after GC invocations=7 (full 0):
 garbage-first heap   total 65536K, used 22367K [0x00000000c1800000, 0x0000000100000000)
  region size 1024K, 5 young (5120K), 5 survivors (5120K)
 Metaspace       used 21243K, committed 21504K, reserved 1114112K
  class space    used 2391K, committed 2496K, reserved 1048576K
}
Event: 13.672 GC heap before
{Heap before GC invocations=8 (full 0):
 garbage-first heap   total 65536K, used 57183K [0x00000000c1800000, 0x0000000100000000)
  region size 1024K, 35 young (35840K), 5 survivors (5120K)
 Metaspace       used 26909K, committed 27200K, reserved 1114112K
  class space    used 3041K, committed 3136K, reserved 1048576K
}
Event: 13.706 GC heap after
{Heap after GC invocations=9 (full 0):
 garbage-first heap   total 76800K, used 40960K [0x00000000c1800000, 0x0000000100000000)
  region size 1024K, 5 young (5120K), 5 survivors (5120K)
 Metaspace       used 26909K, committed 27200K, reserved 1114112K
  class space    used 3041K, committed 3136K, reserved 1048576K
}
Event: 14.194 GC heap before
{Heap before GC invocations=9 (full 0):
 garbage-first heap   total 76800K, used 61440K [0x00000000c1800000, 0x0000000100000000)
  region size 1024K, 25 young (25600K), 5 survivors (5120K)
 Metaspace       used 27489K, committed 27840K, reserved 1114112K
  class space    used 3112K, committed 3264K, reserved 1048576K
}
Event: 14.211 GC heap after
{Heap after GC invocations=10 (full 0):
 garbage-first heap   total 92160K, used 45568K [0x00000000c1800000, 0x0000000100000000)
  region size 1024K, 4 young (4096K), 4 survivors (4096K)
 Metaspace       used 27489K, committed 27840K, reserved 1114112K
  class space    used 3112K, committed 3264K, reserved 1048576K
}
Event: 15.224 GC heap before
{Heap before GC invocations=10 (full 0):
 garbage-first heap   total 92160K, used 71168K [0x00000000c1800000, 0x0000000100000000)
  region size 1024K, 30 young (30720K), 4 survivors (4096K)
 Metaspace       used 29065K, committed 29440K, reserved 1114112K
  class space    used 3287K, committed 3456K, reserved 1048576K
}
Event: 15.236 GC heap after
{Heap after GC invocations=11 (full 0):
 garbage-first heap   total 92160K, used 47104K [0x00000000c1800000, 0x0000000100000000)
  region size 1024K, 1 young (1024K), 1 survivors (1024K)
 Metaspace       used 29065K, committed 29440K, reserved 1114112K
  class space    used 3287K, committed 3456K, reserved 1048576K
}
Event: 16.838 GC heap before
{Heap before GC invocations=12 (full 0):
 garbage-first heap   total 92160K, used 75776K [0x00000000c1800000, 0x0000000100000000)
  region size 1024K, 28 young (28672K), 1 survivors (1024K)
 Metaspace       used 31315K, committed 31744K, reserved 1114112K
  class space    used 3587K, committed 3776K, reserved 1048576K
}
Event: 16.848 GC heap after
{Heap after GC invocations=13 (full 0):
 garbage-first heap   total 92160K, used 46538K [0x00000000c1800000, 0x0000000100000000)
  region size 1024K, 3 young (3072K), 3 survivors (3072K)
 Metaspace       used 31315K, committed 31744K, reserved 1114112K
  class space    used 3587K, committed 3776K, reserved 1048576K
}
Event: 17.551 GC heap before
{Heap before GC invocations=13 (full 0):
 garbage-first heap   total 92160K, used 80330K [0x00000000c1800000, 0x0000000100000000)
  region size 1024K, 32 young (32768K), 3 survivors (3072K)
 Metaspace       used 31373K, committed 31808K, reserved 1114112K
  class space    used 3587K, committed 3776K, reserved 1048576K
}
Event: 17.593 GC heap after
{Heap after GC invocations=14 (full 0):
 garbage-first heap   total 99328K, used 64512K [0x00000000c1800000, 0x0000000100000000)
  region size 1024K, 4 young (4096K), 4 survivors (4096K)
 Metaspace       used 31373K, committed 31808K, reserved 1114112K
  class space    used 3587K, committed 3776K, reserved 1048576K
}
Event: 17.794 GC heap before
{Heap before GC invocations=14 (full 0):
 garbage-first heap   total 99328K, used 69632K [0x00000000c1800000, 0x0000000100000000)
  region size 1024K, 10 young (10240K), 4 survivors (4096K)
 Metaspace       used 31384K, committed 31872K, reserved 1114112K
  class space    used 3587K, committed 3776K, reserved 1048576K
}
Event: 17.804 GC heap after
{Heap after GC invocations=15 (full 0):
 garbage-first heap   total 99328K, used 67181K [0x00000000c1800000, 0x0000000100000000)
  region size 1024K, 2 young (2048K), 2 survivors (2048K)
 Metaspace       used 31384K, committed 31872K, reserved 1114112K
  class space    used 3587K, committed 3776K, reserved 1048576K
}
Event: 18.398 GC heap before
{Heap before GC invocations=16 (full 0):
 garbage-first heap   total 121856K, used 81517K [0x00000000c1800000, 0x0000000100000000)
  region size 1024K, 20 young (20480K), 2 survivors (2048K)
 Metaspace       used 31402K, committed 31872K, reserved 1114112K
  class space    used 3587K, committed 3776K, reserved 1048576K
}
Event: 18.433 GC heap after
{Heap after GC invocations=17 (full 0):
 garbage-first heap   total 121856K, used 69074K [0x00000000c1800000, 0x0000000100000000)
  region size 1024K, 3 young (3072K), 3 survivors (3072K)
 Metaspace       used 31402K, committed 31872K, reserved 1114112K
  class space    used 3587K, committed 3776K, reserved 1048576K
}
Event: 19.786 GC heap before
{Heap before GC invocations=17 (full 0):
 garbage-first heap   total 121856K, used 93650K [0x00000000c1800000, 0x0000000100000000)
  region size 1024K, 28 young (28672K), 3 survivors (3072K)
 Metaspace       used 32525K, committed 33024K, reserved 1114112K
  class space    used 3719K, committed 3904K, reserved 1048576K
}
Event: 19.814 GC heap after
{Heap after GC invocations=18 (full 0):
 garbage-first heap   total 121856K, used 60495K [0x00000000c1800000, 0x0000000100000000)
  region size 1024K, 1 young (1024K), 1 survivors (1024K)
 Metaspace       used 32525K, committed 33024K, reserved 1114112K
  class space    used 3719K, committed 3904K, reserved 1048576K
}
Event: 21.056 GC heap before
{Heap before GC invocations=18 (full 0):
 garbage-first heap   total 121856K, used 91215K [0x00000000c1800000, 0x0000000100000000)
  region size 1024K, 31 young (31744K), 1 survivors (1024K)
 Metaspace       used 34353K, committed 34880K, reserved 1114112K
  class space    used 3879K, committed 4096K, reserved 1048576K
}
Event: 21.064 GC heap after
{Heap after GC invocations=19 (full 0):
 garbage-first heap   total 167936K, used 59519K [0x00000000c1800000, 0x0000000100000000)
  region size 1024K, 2 young (2048K), 2 survivors (2048K)
 Metaspace       used 34353K, committed 34880K, reserved 1114112K
  class space    used 3879K, committed 4096K, reserved 1048576K
}

